0 info it worked if it ends with ok
1 verbose cli [ 'C:\\Program Files\\nodejs\\node.exe',
1 verbose cli   'C:\\Users\\ds0920\\AppData\\Roaming\\npm\\node_modules\\npm\\bin\\npm-cli.js',
1 verbose cli   'start' ]
2 info using npm@3.9.6
3 info using node@v6.2.1
4 verbose run-script [ 'prestart', 'start', 'poststart' ]
5 info lifecycle departure-schedule@1.0.0-rc.1~prestart: departure-schedule@1.0.0-rc.1
6 silly lifecycle departure-schedule@1.0.0-rc.1~prestart: no script for prestart, continuing
7 info lifecycle departure-schedule@1.0.0-rc.1~start: departure-schedule@1.0.0-rc.1
8 verbose lifecycle departure-schedule@1.0.0-rc.1~start: unsafe-perm in lifecycle true
9 verbose lifecycle departure-schedule@1.0.0-rc.1~start: PATH: C:\Users\ds0920\AppData\Roaming\npm\node_modules\npm\bin\node-gyp-bin;c:\Development\fcScheduler\node_modules\.bin;C:\Program Files\nodejs;C:\Program Files\ConEmu;C:\Program Files\ConEmu\ConEmu;C:\Program Files (x86)\Intel\iCLS Client\;C:\Program Files\Intel\iCLS Client\;C:\Windows\system32;C:\Windows;C:\Windows\System32\Wbem;C:\Windows\System32\WindowsPowerShell\v1.0\;C:\Program Files\Lenovo\Fingerprint Manager Pro\;C:\Program Files\Intel\Intel(R) Management Engine Components\DAL;C:\Program Files\Intel\Intel(R) Management Engine Components\IPT;C:\Program Files (x86)\Intel\Intel(R) Management Engine Components\DAL;C:\Program Files (x86)\Intel\Intel(R) Management Engine Components\IPT;C:\Program Files (x86)\Intel\OpenCL SDK\3.0\bin\x86;C:\Program Files (x86)\Intel\OpenCL SDK\3.0\bin\x64;C:\PROGRA~1\IBM\SQLLIB\BIN;C:\PROGRA~1\IBM\SQLLIB\FUNCTION;C:\Program Files (x86)\IBM\WebSphere MQ\bin64;C:\Program Files (x86)\IBM\WebSphere MQ\bin;C:\Program Files (x86)\IBM\WebSphere MQ\tools\c\samples\bin;C:\Program Files (x86)\Blue Coat\ProxyClient\;c:\Program Files (x86)\Microsoft SQL Server\90\Tools\binn\;C:\Program Files\Microsoft SQL Server\120\DTS\Binn\;C:\Program Files\Microsoft SQL Server\Client SDK\ODBC\110\Tools\Binn\;C:\Program Files (x86)\Microsoft SQL Server\120\Tools\Binn\;C:\Program Files\Microsoft SQL Server\120\Tools\Binn\;C:\Program Files (x86)\Microsoft SQL Server\120\Tools\Binn\ManagementStudio\;C:\Program Files (x86)\Microsoft SQL Server\120\DTS\Binn\;C:\Program Files (x86)\Android\android-sdk\tools;%BPADir%;C:\Program Files (x86)\Microsoft Team Foundation Server 2015 Power Tools\;C:\Program Files (x86)\Windows Kits\10\Windows Performance Toolkit\;C:\Program Files\Microsoft\Web Platform Installer\;C:\Program Files\Microsoft SQL Server\130\Tools\Binn\;C:\Program Files\Intel\WiFi\bin\;C:\Program Files\Common Files\Intel\WirelessCommon\;C:\Program Files (x86)\Attachmate\EXTRA!\;C:\Program Files\nodejs\;C:\Users\ds0920\AppData\Local\Programs\Git\cmd;C:\Users\ds0920\.dnx\bin;C:\Program Files (x86)\Microsoft VS Code\bin;C:\Users\ds0920\AppData\Roaming\npm
10 verbose lifecycle departure-schedule@1.0.0-rc.1~start: CWD: c:\Development\fcScheduler
11 silly lifecycle departure-schedule@1.0.0-rc.1~start: Args: [ '/d /s /c', 'gulp' ]
12 silly lifecycle departure-schedule@1.0.0-rc.1~start: Returned: code: 1  signal: null
13 info lifecycle departure-schedule@1.0.0-rc.1~start: Failed to exec start script
14 verbose stack Error: departure-schedule@1.0.0-rc.1 start: `gulp`
14 verbose stack Exit status 1
14 verbose stack     at EventEmitter.<anonymous> (C:\Users\ds0920\AppData\Roaming\npm\node_modules\npm\lib\utils\lifecycle.js:245:16)
14 verbose stack     at emitTwo (events.js:106:13)
14 verbose stack     at EventEmitter.emit (events.js:191:7)
14 verbose stack     at ChildProcess.<anonymous> (C:\Users\ds0920\AppData\Roaming\npm\node_modules\npm\lib\utils\spawn.js:24:14)
14 verbose stack     at emitTwo (events.js:106:13)
14 verbose stack     at ChildProcess.emit (events.js:191:7)
14 verbose stack     at maybeClose (internal/child_process.js:852:16)
14 verbose stack     at Process.ChildProcess._handle.onexit (internal/child_process.js:215:5)
15 verbose pkgid departure-schedule@1.0.0-rc.1
16 verbose cwd c:\Development\fcScheduler
17 error Windows_NT 6.1.7601
18 error argv "C:\\Program Files\\nodejs\\node.exe" "C:\\Users\\ds0920\\AppData\\Roaming\\npm\\node_modules\\npm\\bin\\npm-cli.js" "start"
19 error node v6.2.1
20 error npm  v3.9.6
21 error code ELIFECYCLE
22 error departure-schedule@1.0.0-rc.1 start: `gulp`
22 error Exit status 1
23 error Failed at the departure-schedule@1.0.0-rc.1 start script 'gulp'.
23 error Make sure you have the latest version of node.js and npm installed.
23 error If you do, this is most likely a problem with the departure-schedule package,
23 error not with npm itself.
23 error Tell the author that this fails on your system:
23 error     gulp
23 error You can get information on how to open an issue for this project with:
23 error     npm bugs departure-schedule
23 error Or if that isn't available, you can get their info via:
23 error     npm owner ls departure-schedule
23 error There is likely additional logging output above.
24 verbose exit [ 1, true ]
